<?xml version="1.0" encoding="UTF-8"?>
<!-- Generated by org.testng.reporters.JUnitXMLReporter -->
<testsuite ignored="0" hostname="DESKTOP-KE0ABS8" failures="0" tests="4" name="Test" time="187.159" errors="0" timestamp="2022-06-18T02:25:50 IST">
  <testcase classname="com.pack1.TestCase2" name="verifyText" time="1.605"/>
  <testcase classname="com.pack1.TestCase2" name="login" time="10.03"/>
  <testcase classname="com.pack1.TestCase1" name="testmethod1" time="55.869"/>
  <testcase classname="com.pack1.TestCase3" name="javaScriptExmplae" time="54.858"/>
</testsuite> <!-- Test -->
