<?xml version="1.0" encoding="UTF-8"?>
<testsuite xmlns:xsi="http://www.w3.org/2001/XMLSchema-instance" xsi:noNamespaceSchemaLocation="https://maven.apache.org/surefire/maven-surefire-plugin/xsd/surefire-test-report-3.0.xsd" version="3.0" name="TestSuite" time="194.216" tests="4" errors="0" skipped="0" failures="0">
  <properties>
[...]
</properties>
  <testcase name="verifyText" classname="com.pack1.TestCase2" time="1.609">
    <system-out><![CDATA[Forgot your password?
]]></system-out>
    <system-err><![CDATA[SLF4J: Failed to load class "org.slf4j.impl.StaticLoggerBinder".
SLF4J: Defaulting to no-operation (NOP) logger implementation
SLF4J: See http://www.slf4j.org/codes.html#StaticLoggerBinder for further details.
Starting ChromeDriver 102.0.5005.61 (0e59bcc00cc4985ce39ad31c150065f159d95ad3-refs/branch-heads/5005@{#819}) on port 58899
Only local connections are allowed.
Please see https://chromedriver.chromium.org/security-considerations for suggestions on keeping ChromeDriver safe.
ChromeDriver was started successfully.
Jun 18, 2022 2:23:31 AM org.openqa.selenium.remote.ProtocolHandshake createSession
INFO: Detected upstream dialect: W3C
Jun 18, 2022 2:23:35 AM org.openqa.selenium.devtools.CdpVersionFinder findNearestMatch
INFO: Found exact CDP implementation for version 102
]]></system-err>
  </testcase>
  <testcase name="login" classname="com.pack1.TestCase2" time="10.03"/>
  <testcase name="testmethod1" classname="com.pack1.TestCase1" time="55.87">
    <system-out><![CDATA[null
https://support.google.com/websearch/answer/181196?hl=en-IN
null
https://www.google.com/webhp?hl=en&ictx=2&sa=X&ved=0ahUKEwimp8uzr7X4AhWAR2wGHSWvCzYQPQgJ
https://www.google.com/search?q=Selemium&source=hp&ei=AuqsYtzIEaKmwAObnZX4Cw&iflsig=AJiK0e8AAAAAYqz4EqJ_8rySkR9HGXGmAXg2Dug-SKNV&ved=0ahUKEwjc0cWtr7X4AhUiE3AKHZtOBb8Q4dUDCAg&uact=5&oq=Selemium&gs_lcp=Cgdnd3Mtd2l6EAMyDgguEI8BEOoCEIwDEOUCMg4IABCPARDqAhCMAxDlAjIOCAAQjwEQ6gIQjAMQ5QIyDggAEI8BEOoCEIwDEOUCMg4ILhCPARDqAhCMAxDlAjIOCAAQjwEQ6gIQjAMQ5QIyDggAEI8BEOoCEIwDEOUCMg4IABCPARDqAhCMAxDlAjIOCAAQjwEQ6gIQjAMQ5QIyDggAEI8BEOoCEIwDEOUCUKAEWL8FYM4FaAFwAHgAgAEAiAEAkgEAmAEAoAEBsAEK&sclient=gws-wiz#
https://www.google.co.in/intl/en/about/products?tab=wh
https://accounts.google.com/ServiceLogin?hl=en&passive=true&continue=https://www.google.com/search%3Fq%3DSelemium%26source%3Dhp%26ei%3DAuqsYtzIEaKmwAObnZX4Cw%26iflsig%3DAJiK0e8AAAAAYqz4EqJ_8rySkR9HGXGmAXg2Dug-SKNV%26ved%3D0ahUKEwjc0cWtr7X4AhUiE3AKHZtOBb8Q4dUDCAg%26uact%3D5%26oq%3DSelemium%26gs_lcp%3DCgdnd3Mtd2l6EAMyDgguEI8BEOoCEIwDEOUCMg4IABCPARDqAhCMAxDlAjIOCAAQjwEQ6gIQjAMQ5QIyDggAEI8BEOoCEIwDEOUCMg4ILhCPARDqAhCMAxDlAjIOCAAQjwEQ6gIQjAMQ5QIyDggAEI8BEOoCEIwDEOUCMg4IABCPARDqAhCMAxDlAjIOCAAQjwEQ6gIQjAMQ5QIyDggAEI8BEOoCEIwDEOUCUKAEWL8FYM4FaAFwAHgAgAEAiAEAkgEAmAEAoAEBsAEK%26sclient%3Dgws-wiz&ec=GAZAAQ
https://www.google.com/search?q=Selenium&source=lnms&tbm=bks&sa=X&ved=2ahUKEwimp8uzr7X4AhWAR2wGHSWvCzYQ_AUoAXoECAIQAw
https://www.google.com/search?q=Selenium&source=lnms&tbm=isch&sa=X&ved=2ahUKEwimp8uzr7X4AhWAR2wGHSWvCzYQ_AUoAnoECAIQBA
https://www.google.com/search?q=Selenium&source=lnms&tbm=vid&sa=X&ved=2ahUKEwimp8uzr7X4AhWAR2wGHSWvCzYQ_AUoA3oECAIQBQ
https://www.google.com/search?q=Selenium&source=lnms&tbm=nws&sa=X&ved=2ahUKEwimp8uzr7X4AhWAR2wGHSWvCzYQ_AUoBHoECAIQBg
https://maps.google.com/maps?iflsig=AJiK0e8AAAAAYqz4EqJ_8rySkR9HGXGmAXg2Dug-SKNV&uact=5&gs_lcp=Cgdnd3Mtd2l6EAMyDgguEI8BEOoCEIwDEOUCMg4IABCPARDqAhCMAxDlAjIOCAAQjwEQ6gIQjAMQ5QIyDggAEI8BEOoCEIwDEOUCMg4ILhCPARDqAhCMAxDlAjIOCAAQjwEQ6gIQjAMQ5QIyDggAEI8BEOoCEIwDEOUCMg4IABCPARDqAhCMAxDlAjIOCAAQjwEQ6gIQjAMQ5QIyDggAEI8BEOoCEIwDEOUCUKAEWL8FYM4FaAFwAHgAgAEAiAEAkgEAmAEAoAEBsAEK&q=Selenium&um=1&ie=UTF-8&sa=X&ved=2ahUKEwimp8uzr7X4AhWAR2wGHSWvCzYQ_AUoAHoECAIQCg
https://www.google.com/search?q=Selenium&source=lnms&tbm=shop&sa=X&ved=2ahUKEwimp8uzr7X4AhWAR2wGHSWvCzYQ_AUoAXoECAIQCw
https://www.google.com/flights?q=Selenium&source=lnms&tbm=flm&sa=X&ved=2ahUKEwimp8uzr7X4AhWAR2wGHSWvCzYQ_AUoAnoECAIQDA
https://www.google.com/finance?sa=X&ved=2ahUKEwimp8uzr7X4AhWAR2wGHSWvCzYQ_AUoA3oECAIQDQ
https://www.google.com/search?q=Selenium&source=lnt&tbs=qdr:h&sa=X&ved=2ahUKEwimp8uzr7X4AhWAR2wGHSWvCzYQpwV6BAgCEBU
https://www.google.com/search?q=Selenium&source=lnt&tbs=qdr:d&sa=X&ved=2ahUKEwimp8uzr7X4AhWAR2wGHSWvCzYQpwV6BAgCEBY
https://www.google.com/search?q=Selenium&source=lnt&tbs=qdr:w&sa=X&ved=2ahUKEwimp8uzr7X4AhWAR2wGHSWvCzYQpwV6BAgCEBc
https://www.google.com/search?q=Selenium&source=lnt&tbs=qdr:m&sa=X&ved=2ahUKEwimp8uzr7X4AhWAR2wGHSWvCzYQpwV6BAgCEBg
https://www.google.com/search?q=Selenium&source=lnt&tbs=qdr:y&sa=X&ved=2ahUKEwimp8uzr7X4AhWAR2wGHSWvCzYQpwV6BAgCEBk
https://www.google.com/search?q=Selemium&source=lnt&tbs=li:1&sa=X&ved=2ahUKEwimp8uzr7X4AhWAR2wGHSWvCzYQpwV6BAgCECA
https://www.google.com/preferences?hl=en&prev=https://www.google.com/search?q%3DSelemium%26source%3Dhp%26ei%3DAuqsYtzIEaKmwAObnZX4Cw%26iflsig%3DAJiK0e8AAAAAYqz4EqJ_8rySkR9HGXGmAXg2Dug-SKNV%26ved%3D0ahUKEwjc0cWtr7X4AhUiE3AKHZtOBb8Q4dUDCAg%26uact%3D5%26oq%3DSelemium%26gs_lcp%3DCgdnd3Mtd2l6EAMyDgguEI8BEOoCEIwDEOUCMg4IABCPARDqAhCMAxDlAjIOCAAQjwEQ6gIQjAMQ5QIyDggAEI8BEOoCEIwDEOUCMg4ILhCPARDqAhCMAxDlAjIOCAAQjwEQ6gIQjAMQ5QIyDggAEI8BEOoCEIwDEOUCMg4IABCPARDqAhCMAxDlAjIOCAAQjwEQ6gIQjAMQ5QIyDggAEI8BEOoCEIwDEOUCUKAEWL8FYM4FaAFwAHgAgAEAiAEAkgEAmAEAoAEBsAEK%26sclient%3Dgws-wiz
https://www.google.com/history/optout?hl=en
https://www.google.com/history/privacyadvisor/search/unauth?utm_source=googlemenu
https://www.google.com/safesearch?prev=https://www.google.com/search?q%3DSelemium%26source%3Dhp%26ei%3DAuqsYtzIEaKmwAObnZX4Cw%26iflsig%3DAJiK0e8AAAAAYqz4EqJ_8rySkR9HGXGmAXg2Dug-SKNV%26ved%3D0ahUKEwjc0cWtr7X4AhUiE3AKHZtOBb8Q4dUDCAg%26uact%3D5%26oq%3DSelemium%26gs_lcp%3DCgdnd3Mtd2l6EAMyDgguEI8BEOoCEIwDEOUCMg4IABCPARDqAhCMAxDlAjIOCAAQjwEQ6gIQjAMQ5QIyDggAEI8BEOoCEIwDEOUCMg4ILhCPARDqAhCMAxDlAjIOCAAQjwEQ6gIQjAMQ5QIyDggAEI8BEOoCEIwDEOUCMg4IABCPARDqAhCMAxDlAjIOCAAQjwEQ6gIQjAMQ5QIyDggAEI8BEOoCEIwDEOUCUKAEWL8FYM4FaAFwAHgAgAEAiAEAkgEAmAEAoAEBsAEK%26sclient%3Dgws-wiz
https://www.google.com/preferences?hl=en&prev=https://www.google.com/search?q%3DSelemium%26source%3Dhp%26ei%3DAuqsYtzIEaKmwAObnZX4Cw%26iflsig%3DAJiK0e8AAAAAYqz4EqJ_8rySkR9HGXGmAXg2Dug-SKNV%26ved%3D0ahUKEwjc0cWtr7X4AhUiE3AKHZtOBb8Q4dUDCAg%26uact%3D5%26oq%3DSelemium%26gs_lcp%3DCgdnd3Mtd2l6EAMyDgguEI8BEOoCEIwDEOUCMg4IABCPARDqAhCMAxDlAjIOCAAQjwEQ6gIQjAMQ5QIyDggAEI8BEOoCEIwDEOUCMg4ILhCPARDqAhCMAxDlAjIOCAAQjwEQ6gIQjAMQ5QIyDggAEI8BEOoCEIwDEOUCMg4IABCPARDqAhCMAxDlAjIOCAAQjwEQ6gIQjAMQ5QIyDggAEI8BEOoCEIwDEOUCUKAEWL8FYM4FaAFwAHgAgAEAiAEAkgEAmAEAoAEBsAEK%26sclient%3Dgws-wiz#languages
https://www.google.com/advanced_search?q=Selenium&hl=en
https://support.google.com/websearch/?p=dsrp_search_hc&hl=en-IN
https://www.google.com/search?q=Selenium&spell=1&sa=X&ved=2ahUKEwimp8uzr7X4AhWAR2wGHSWvCzYQkeECKAB6BAgCEDI
https://www.google.com/search?q=Selemium&nfpr=1&sa=X&ved=2ahUKEwimp8uzr7X4AhWAR2wGHSWvCzYQvgUoAXoECAIQMw
https://www.selenium.dev/
https://www.selenium.dev/downloads/
https://www.selenium.dev/documentation/
https://www.selenium.dev/selenium-ide/
https://www.selenium.dev/projects/
https://www.google.com/search?q=Selenium+site:selenium.dev&sa=X&ved=2ahUKEwimp8uzr7X4AhWAR2wGHSWvCzYQrAN6BAgEEAE
https://www.cigniti.com/blog/10-benefits-selenium-test-automation-publishing/
https://www.google.com/search?q=What+is+Selenium+best+used+for%3F&sa=X&ved=2ahUKEwimp8uzr7X4AhWAR2wGHSWvCzYQzmd6BAg1EAU
https://en.wikipedia.org/wiki/Selenium_(software)
https://en.wikipedia.org/wiki/Selenium_(software)
https://webcache.googleusercontent.com/search?q=cache:-zTYVj5uqnIJ:https://en.wikipedia.org/wiki/Selenium_(software)+&cd=9&hl=en&ct=clnk&gl=in
https://www.google.com/search?q=related:https://en.wikipedia.org/wiki/Selenium_(software)+Selenium&sa=X&ved=2ahUKEwimp8uzr7X4AhWAR2wGHSWvCzYQH3oECB8QCw
https://www.google.com/search?q=Is+Selenium+a+programming+language%3F&sa=X&ved=2ahUKEwimp8uzr7X4AhWAR2wGHSWvCzYQzmd6BAg5EAU
https://huddle.eurostarsoftwaretesting.com/forums/topic/selenium-with-python-or-selenium-with-java/
https://www.google.com/search?q=Is+Selenium+a+Python+or+Java%3F&sa=X&ved=2ahUKEwimp8uzr7X4AhWAR2wGHSWvCzYQzmd6BAgxEAU
https://dzone.com/articles/is-selenium-still-the-best-browser-automation-tool
https://www.google.com/search?q=Is+Selenium+still+used%3F&sa=X&ved=2ahUKEwimp8uzr7X4AhWAR2wGHSWvCzYQzmd6BAgvEAU
https://www.google.com/search?q=Selemium&source=hp&ei=AuqsYtzIEaKmwAObnZX4Cw&iflsig=AJiK0e8AAAAAYqz4EqJ_8rySkR9HGXGmAXg2Dug-SKNV&ved=0ahUKEwjc0cWtr7X4AhUiE3AKHZtOBb8Q4dUDCAg&uact=5&oq=Selemium&gs_lcp=Cgdnd3Mtd2l6EAMyDgguEI8BEOoCEIwDEOUCMg4IABCPARDqAhCMAxDlAjIOCAAQjwEQ6gIQjAMQ5QIyDggAEI8BEOoCEIwDEOUCMg4ILhCPARDqAhCMAxDlAjIOCAAQjwEQ6gIQjAMQ5QIyDggAEI8BEOoCEIwDEOUCMg4IABCPARDqAhCMAxDlAjIOCAAQjwEQ6gIQjAMQ5QIyDggAEI8BEOoCEIwDEOUCUKAEWL8FYM4FaAFwAHgAgAEAiAEAkgEAmAEAoAEBsAEK&sclient=gws-wiz#
https://www.browserstack.com/selenium
https://www.javatpoint.com/selenium-tutorial
https://www.google.com/search?q=Selenium&npsic=0&rflfq=1&rldoc=1&rllag=19197620,72914400,7382&tbm=lcl&sa=X&ved=2ahUKEwimp8uzr7X4AhWAR2wGHSWvCzYQtgN6BAhaEAY
null
https://qualitysoftech.com/
https://www.google.com/search?q=Selemium&source=hp&ei=AuqsYtzIEaKmwAObnZX4Cw&iflsig=AJiK0e8AAAAAYqz4EqJ_8rySkR9HGXGmAXg2Dug-SKNV&ved=0ahUKEwjc0cWtr7X4AhUiE3AKHZtOBb8Q4dUDCAg&uact=5&oq=Selemium&gs_lcp=Cgdnd3Mtd2l6EAMyDgguEI8BEOoCEIwDEOUCMg4IABCPARDqAhCMAxDlAjIOCAAQjwEQ6gIQjAMQ5QIyDggAEI8BEOoCEIwDEOUCMg4ILhCPARDqAhCMAxDlAjIOCAAQjwEQ6gIQjAMQ5QIyDggAEI8BEOoCEIwDEOUCMg4IABCPARDqAhCMAxDlAjIOCAAQjwEQ6gIQjAMQ5QIyDggAEI8BEOoCEIwDEOUCUKAEWL8FYM4FaAFwAHgAgAEAiAEAkgEAmAEAoAEBsAEK&sclient=gws-wiz#
null
http://www.inviul.com/
https://www.google.com/search?q=Selemium&source=hp&ei=AuqsYtzIEaKmwAObnZX4Cw&iflsig=AJiK0e8AAAAAYqz4EqJ_8rySkR9HGXGmAXg2Dug-SKNV&ved=0ahUKEwjc0cWtr7X4AhUiE3AKHZtOBb8Q4dUDCAg&uact=5&oq=Selemium&gs_lcp=Cgdnd3Mtd2l6EAMyDgguEI8BEOoCEIwDEOUCMg4IABCPARDqAhCMAxDlAjIOCAAQjwEQ6gIQjAMQ5QIyDggAEI8BEOoCEIwDEOUCMg4ILhCPARDqAhCMAxDlAjIOCAAQjwEQ6gIQjAMQ5QIyDggAEI8BEOoCEIwDEOUCMg4IABCPARDqAhCMAxDlAjIOCAAQjwEQ6gIQjAMQ5QIyDggAEI8BEOoCEIwDEOUCUKAEWL8FYM4FaAFwAHgAgAEAiAEAkgEAmAEAoAEBsAEK&sclient=gws-wiz#
null
https://www.google.com/search?q=Selemium&source=hp&ei=AuqsYtzIEaKmwAObnZX4Cw&iflsig=AJiK0e8AAAAAYqz4EqJ_8rySkR9HGXGmAXg2Dug-SKNV&ved=0ahUKEwjc0cWtr7X4AhUiE3AKHZtOBb8Q4dUDCAg&uact=5&oq=Selemium&gs_lcp=Cgdnd3Mtd2l6EAMyDgguEI8BEOoCEIwDEOUCMg4IABCPARDqAhCMAxDlAjIOCAAQjwEQ6gIQjAMQ5QIyDggAEI8BEOoCEIwDEOUCMg4ILhCPARDqAhCMAxDlAjIOCAAQjwEQ6gIQjAMQ5QIyDggAEI8BEOoCEIwDEOUCMg4IABCPARDqAhCMAxDlAjIOCAAQjwEQ6gIQjAMQ5QIyDggAEI8BEOoCEIwDEOUCUKAEWL8FYM4FaAFwAHgAgAEAiAEAkgEAmAEAoAEBsAEK&sclient=gws-wiz#
https://www.google.com/search?tbs=lf:1,lf_ui:14&tbm=lcl&q=Selenium&rflfq=1&num=10&sa=X&ved=2ahUKEwimp8uzr7X4AhWAR2wGHSWvCzYQjGp6BAhaEFo
https://www.guru99.com/selenium-tutorial.html
https://www.youtube.com/watch?v=FRn5J31eAMw
https://www.youtube.com/watch?v=FRn5J31eAMw&t=0
https://www.youtube.com/watch?v=FRn5J31eAMw&t=150
https://www.youtube.com/watch?v=FRn5J31eAMw&t=1894
https://www.youtube.com/watch?v=FRn5J31eAMw&t=3135
https://www.youtube.com/watch?v=FRn5J31eAMw&t=5738
https://www.youtube.com/watch?v=FRn5J31eAMw&t=6838
https://www.youtube.com/watch?v=FRn5J31eAMw&t=9522
https://www.youtube.com/watch?v=FRn5J31eAMw&t=10828
https://www.youtube.com/watch?v=FRn5J31eAMw&t=12794
https://www.youtube.com/watch?v=FRn5J31eAMw&t=14214
https://www.youtube.com/watch?v=FRn5J31eAMw&t=17040
https://www.youtube.com/watch?v=FRn5J31eAMw&t=17876
https://www.youtube.com/watch?v=FRn5J31eAMw&t=18464
https://www.youtube.com/watch?v=FRn5J31eAMw&t=18781
https://www.youtube.com/watch?v=FRn5J31eAMw&t=20661
https://www.youtube.com/watch?v=FRn5J31eAMw&t=23836
https://www.youtube.com/watch?v=FRn5J31eAMw&t=24998
https://www.youtube.com/watch?v=FRn5J31eAMw&t=27383
https://www.youtube.com/watch?v=FRn5J31eAMw&t=30846
https://www.youtube.com/watch?v=FRn5J31eAMw&t=32151
https://www.youtube.com/watch?v=FRn5J31eAMw&t=34735
https://www.youtube.com/watch?v=FRn5J31eAMw&t=37321
https://www.youtube.com/watch?v=FRn5J31eAMw&t=38375
https://www.youtube.com/watch?v=FRn5J31eAMw&t=38915
https://www.youtube.com/watch?v=FRn5J31eAMw&t=41089
https://www.youtube.com/watch?v=cobEbkTwbwY
https://www.youtube.com/watch?v=cobEbkTwbwY&t=0
https://www.youtube.com/watch?v=cobEbkTwbwY&t=64
https://www.youtube.com/watch?v=cobEbkTwbwY&t=523
https://www.youtube.com/watch?v=cobEbkTwbwY&t=702
https://www.youtube.com/watch?v=cobEbkTwbwY&t=1650
https://www.youtube.com/watch?v=cobEbkTwbwY&t=2015
https://www.youtube.com/watch?v=cobEbkTwbwY&t=3479
https://www.youtube.com/watch?v=cobEbkTwbwY&t=3752
https://www.youtube.com/watch?v=5FUdrBq-WFo
https://www.youtube.com/watch?v=5FUdrBq-WFo&t=0
https://www.youtube.com/watch?v=5FUdrBq-WFo&t=140
https://www.youtube.com/watch?v=5FUdrBq-WFo&t=212
https://www.youtube.com/watch?v=5FUdrBq-WFo&t=829
https://www.youtube.com/watch?v=5FUdrBq-WFo&t=1234
https://www.youtube.com/watch?v=5FUdrBq-WFo&t=1788
https://www.youtube.com/watch?v=5FUdrBq-WFo&t=2021
https://www.youtube.com/watch?v=5FUdrBq-WFo&t=2255
https://www.google.com/search?tbm=vid&q=Selenium&sa=X&ved=2ahUKEwimp8uzr7X4AhWAR2wGHSWvCzYQ8ccDegQIUBAF
https://www.lambdatest.com/selenium
https://www.lambdatest.com/selenium-automation
https://github.com/SeleniumHQ/selenium
https://www.google.com/search?q=Selemium&source=hp&ei=AuqsYtzIEaKmwAObnZX4Cw&iflsig=AJiK0e8AAAAAYqz4EqJ_8rySkR9HGXGmAXg2Dug-SKNV&ved=0ahUKEwjc0cWtr7X4AhUiE3AKHZtOBb8Q4dUDCAg&uact=5&oq=Selemium&gs_lcp=Cgdnd3Mtd2l6EAMyDgguEI8BEOoCEIwDEOUCMg4IABCPARDqAhCMAxDlAjIOCAAQjwEQ6gIQjAMQ5QIyDggAEI8BEOoCEIwDEOUCMg4ILhCPARDqAhCMAxDlAjIOCAAQjwEQ6gIQjAMQ5QIyDggAEI8BEOoCEIwDEOUCMg4IABCPARDqAhCMAxDlAjIOCAAQjwEQ6gIQjAMQ5QIyDggAEI8BEOoCEIwDEOUCUKAEWL8FYM4FaAFwAHgAgAEAiAEAkgEAmAEAoAEBsAEK&sclient=gws-wiz#
https://www.google.com/search?q=Robot+Framework&stick=H4sIAAAAAAAAAOOQUeLSz9U3yIi3zM2uNBIqSS0uycxLV0grSsxNLc8vyi6O4ghOzUnNyyzNPcUIVppsUmVokQHlQPSdYuQEcwwtKuNPMfLqp-sbGiYbl5dUVcQn_2IUCsEwdBErf1B-Un6JghtM6BabJIPpx1am2L_MB8Ss6uPj990MY_zcI3EjojANAHd65PulAAAA&sa=X&ved=2ahUKEwimp8uzr7X4AhWAR2wGHSWvCzYQs9oBKAB6BAgREAI
https://www.google.com/search?q=Watir&stick=H4sIAAAAAAAAAOOQUeLUz9U3yDC0qIw3EipJLS7JzEtXSCtKzE0tzy_KLo7iCE7NSc3LLM09xcgFUplsUmVokQHlZMRb5mZXnmJEmHGKkVc_Xd_QMNm4vKSqIj75F6NQCIahi1hZwxNLMotusUkymH5sZYr9y3xAzKo-Pn7fzTDGzz0SNyIK0wCaZzVmmgAAAA&sa=X&ved=2ahUKEwimp8uzr7X4AhWAR2wGHSWvCzYQs9oBKAF6BAgREAM
https://www.google.com/search?q=Capybara+(software)&stick=H4sIAAAAAAAAAOOQUeLVT9c3NEw2Li-pqohPNhIqSS0uycxLV0grSsxNLc8vyi6O4ghOzUnNyyzNPcXIpZ-rb5BsUmVokQHlZMRb5mZXnmLkBHMMLSrjTzGimvmLUSgEw9BFrMLOiQWVSYlFiQoaxflpJeWJRamat9gkGUw_tjLF_mU-IGZVHx-_72YY4-ceiRsRhWkAw67pWqwAAAA&sa=X&ved=2ahUKEwimp8uzr7X4AhWAR2wGHSWvCzYQs9oBKAJ6BAgREAQ
https://www.google.com/search?q=Cucumber+(software)&stick=H4sIAAAAAAAAAOOQUeLSz9U3SDapMrTIMBIqSS0uycxLV0grSsxNLc8vyi6O4ghOzUnNyyzNPcWIpBTKyYi3zM2uPMXICeYYWlTGn2Lk1U_XNzRMNi4vqaqIT_7FKBSCYegiVmHn0uTS3KTUIgWN4vy0kvLEolTNW2ySDKYfW5li_zIfELOqj4_fdzOM8XOPxI2IwjQAbkzfcqkAAAA&sa=X&ved=2ahUKEwimp8uzr7X4AhWAR2wGHSWvCzYQs9oBKAN6BAgREAU
https://www.google.com/search?q=Testing+frameworks&stick=H4sIAAAAAAAAAOOQMRIqSS0uycxLV0grSsxNLc8vyi6O4ghOzUnNyyzNPcXIpZ-rb5BsUmVokQHlZMRb5mZXnmLkBHMMLSrjTzHy6qfrGxomG5eXVFXEJ_9iFArBMHQRKxbBW2ySDKYfW5li_zIfELOqj4_fdzOM8XOPxI2IwjQAy6NIt5wAAAA&sa=X&ved=2ahUKEwimp8uzr7X4AhWAR2wGHSWvCzYQ4qYDegQIERAG
https://www.google.com/search?q=Appium&stick=H4sIAAAAAAAAAOOQUeLVT9c3NEw2tTQxLKoyNJIoSS0uUUgsLcnPTSzJzM9TKM5PKylPLEqN4ghOzUnNyyzNPcWIqucUI5d-rr5BskmVoUXGKUZOEMeksiA5A6YwKamisMqi2BjGzzDOyTJPqiyBajQyzzG2SIFqTCk0rkqDss2NstJzfjFKhKA5KRjqpEWsbI4FBUAX3WKTZDD92MrEIOo6vWX_xVk--7dFr-g69cDrXe8SAGbUfN7jAAAA&sa=X&ved=2ahUKEwimp8uzr7X4AhWAR2wGHSWvCzYQs9oBKAB6BAgXEAI
https://www.google.com/search?q=Cucumber+(software)&stick=H4sIAAAAAAAAAOOQUeLSz9U3SDapMrTIMJIoSS0uUUgsLcnPTSzJzM9TKM5PKylPLEqN4ghOzUnNyyzNPcXIq5-ub2iYbGppYlhUZXiKEcmAU4ycII5JZUFyBkxhUlJFYZVFsTGMn2Gck2WeVFkC1WhknmNskQLVmFJoXJUGZZsbZaXn_GKUCEFzUjDUSYtYhZ1Lk0tzk1KLFDRg7tS8xSbJYPqxlYlB1HV6y_6Ls3z2b4te0XXqgde73iUA_8F4k-0AAAA&sa=X&ved=2ahUKEwimp8uzr7X4AhWAR2wGHSWvCzYQs9oBKAF6BAgXEAM
https://www.google.com/search?q=Apache+JMeter&stick=H4sIAAAAAAAAAOOQUeLUz9U3MKksSM4wkihJLS5RSCwtyc9NLMnMz1Mozk8rKU8sSo3iCE7NSc3LLM09xcirn65vaJhsamliWFRleIqRC6Q_2aTK0CLjFCPCMJjCpKSKwiqLYmMYP8M4J8s8qbIEqtHIPMfYIgWqMaXQuCoNyjY3ykrP-cUoEYLmpGCokxax8joWJCZnpCp4-aaWpBbdYpNkMP3YysQg6jq9Zf_FWT77t0Wv6Dr1wOtd7xIAhRGoBOYAAAA&sa=X&ved=2ahUKEwimp8uzr7X4AhWAR2wGHSWvCzYQs9oBKAJ6BAgXEAQ
https://www.google.com/search?q=BrowserStack&stick=H4sIAAAAAAAAAOOQUeLVT9c3NExKqiissig2NpIoSS0uUUgsLcnPTSzJzM9TKM5PKylPLEqN4ghOzUnNyyzNPcUI0ZNsamliWFRleIqRSz9X3yDZpMrQIuMUIyeIY1JZkJwBUwgzHMbPMM7JMk-qLIFqNDLPMbZIgWpMKTSuSoOyzY2y0nN-MUqEoDkpGOqkRaw8TkX55cWpRcElicnZt9gkGUw_tjIxiLpOb9l_cZbP_m3RK7pOPfB617sEAByr2FzpAAAA&sa=X&ved=2ahUKEwimp8uzr7X4AhWAR2wGHSWvCzYQs9oBKAN6BAgXEAU
https://www.google.com/search?q=LambdaTest&stick=H4sIAAAAAAAAAOOQUeLVT9c3NMwwzskyT6osMZIoSS0uUUgsLcnPTSzJzM9TKM5PKylPLEqN4ghOzUnNyyzNPcUI0ZNsamliWFRleIqRSz9X3yDZpMrQIuMUIyeIY1JZkJwBU5iUVFFYZVFsDOPDLINqNDLPMbZIgWpMKTSuSoOyzY2y0nN-MUqEoDkpGOqkRaxcPom5SSmJIAW32CQZTD-2MjGIuk5v2X9xls_-bdEruk498HrXuwQAbRirOecAAAA&sa=X&ved=2ahUKEwimp8uzr7X4AhWAR2wGHSWvCzYQs9oBKAR6BAgXEAY
https://www.google.com/search?q=Ranorex&stick=H4sIAAAAAAAAAOOQUeLSz9U3MDLPMbZIMZIoSS0uUUgsLcnPTSzJzM9TKM5PKylPLEqN4ghOzUnNyyzNPcXIq5-ub2iYbGppYlhUZXiKEWxAskmVoUXGKUZOEMeksiA5A6YwKamisMqi2BjGzzDOyTJPqiyBaoTYDNWYUmhclQZlmxtlpef8YpQIQXNSMNRJi1jZgxLz8otSK26xSTKYfmxlYhB1nd6y_-Isn_3bold0nXrg9a53CQBoA0Ye4QAAAA&sa=X&ved=2ahUKEwimp8uzr7X4AhWAR2wGHSWvCzYQs9oBKAV6BAgXEAc
https://www.google.com/search?q=Test+automation+Software&stick=H4sIAAAAAAAAAOOQMZIoSS0uUUgsLcnPTSzJzM9TKM5PKylPLEqN4ghOzUnNyyzNPcXIq5-ub2iYbGppYlhUZXiKkUs_V98g2aTK0CLjFCMniGNSWZCcAVOYlFRRWGVRbAzjZxjnZJknVZZANRqZ5xhbpEA1phQaV6VB2eZGWek5vxglQtCcFAx10iJWnFK32CQZTD-2MjGIuk5v2X9xls_-bdEruk498HrXuwQAkw7PoeYAAAA&sa=X&ved=2ahUKEwimp8uzr7X4AhWAR2wGHSWvCzYQ4qYDegQIFxAI
https://www.google.com/search?q=Selemium&source=hp&ei=AuqsYtzIEaKmwAObnZX4Cw&iflsig=AJiK0e8AAAAAYqz4EqJ_8rySkR9HGXGmAXg2Dug-SKNV&ved=0ahUKEwjc0cWtr7X4AhUiE3AKHZtOBb8Q4dUDCAg&uact=5&oq=Selemium&gs_lcp=Cgdnd3Mtd2l6EAMyDgguEI8BEOoCEIwDEOUCMg4IABCPARDqAhCMAxDlAjIOCAAQjwEQ6gIQjAMQ5QIyDggAEI8BEOoCEIwDEOUCMg4ILhCPARDqAhCMAxDlAjIOCAAQjwEQ6gIQjAMQ5QIyDggAEI8BEOoCEIwDEOUCMg4IABCPARDqAhCMAxDlAjIOCAAQjwEQ6gIQjAMQ5QIyDggAEI8BEOoCEIwDEOUCUKAEWL8FYM4FaAFwAHgAgAEAiAEAkgEAmAEAoAEBsAEK&sclient=gws-wiz#
https://www.google.com/search?q=Selenium+vitamin&sa=X&ved=2ahUKEwimp8uzr7X4AhWAR2wGHSWvCzYQ1QJ6BAgpEAE
https://www.google.com/search?q=Selenium+Python&sa=X&ved=2ahUKEwimp8uzr7X4AhWAR2wGHSWvCzYQ1QJ6BAgnEAE
https://www.google.com/search?q=Selenium+element&sa=X&ved=2ahUKEwimp8uzr7X4AhWAR2wGHSWvCzYQ1QJ6BAglEAE
https://www.google.com/search?q=Selenium+Tutorial&sa=X&ved=2ahUKEwimp8uzr7X4AhWAR2wGHSWvCzYQ1QJ6BAgkEAE
https://www.google.com/search?q=Selenium+WebDriver&sa=X&ved=2ahUKEwimp8uzr7X4AhWAR2wGHSWvCzYQ1QJ6BAgiEAE
https://www.google.com/search?q=Selenium+download&sa=X&ved=2ahUKEwimp8uzr7X4AhWAR2wGHSWvCzYQ1QJ6BAghEAE
https://www.google.com/search?q=Selenium+software&sa=X&ved=2ahUKEwimp8uzr7X4AhWAR2wGHSWvCzYQ1QJ6BAgrEAE
https://www.google.com/search?q=Selenium+Interview+Questions&sa=X&ved=2ahUKEwimp8uzr7X4AhWAR2wGHSWvCzYQ1QJ6BAgqEAE
https://www.google.com/search?q=Selenium&ei=DuqsYqboOoCPseMPpd6usAM&start=10&sa=N&ved=2ahUKEwimp8uzr7X4AhWAR2wGHSWvCzYQ8tMDegQIAhA7
https://www.google.com/search?q=Selenium&ei=DuqsYqboOoCPseMPpd6usAM&start=20&sa=N&ved=2ahUKEwimp8uzr7X4AhWAR2wGHSWvCzYQ8tMDegQIAhA9
https://www.google.com/search?q=Selenium&ei=DuqsYqboOoCPseMPpd6usAM&start=30&sa=N&ved=2ahUKEwimp8uzr7X4AhWAR2wGHSWvCzYQ8tMDegQIAhA_
https://www.google.com/search?q=Selenium&ei=DuqsYqboOoCPseMPpd6usAM&start=40&sa=N&ved=2ahUKEwimp8uzr7X4AhWAR2wGHSWvCzYQ8tMDegQIAhBB
https://www.google.com/search?q=Selenium&ei=DuqsYqboOoCPseMPpd6usAM&start=50&sa=N&ved=2ahUKEwimp8uzr7X4AhWAR2wGHSWvCzYQ8tMDegQIAhBD
https://www.google.com/search?q=Selenium&ei=DuqsYqboOoCPseMPpd6usAM&start=60&sa=N&ved=2ahUKEwimp8uzr7X4AhWAR2wGHSWvCzYQ8tMDegQIAhBF
https://www.google.com/search?q=Selenium&ei=DuqsYqboOoCPseMPpd6usAM&start=70&sa=N&ved=2ahUKEwimp8uzr7X4AhWAR2wGHSWvCzYQ8tMDegQIAhBH
https://www.google.com/search?q=Selenium&ei=DuqsYqboOoCPseMPpd6usAM&start=80&sa=N&ved=2ahUKEwimp8uzr7X4AhWAR2wGHSWvCzYQ8tMDegQIAhBJ
https://www.google.com/search?q=Selenium&ei=DuqsYqboOoCPseMPpd6usAM&start=90&sa=N&ved=2ahUKEwimp8uzr7X4AhWAR2wGHSWvCzYQ8tMDegQIAhBL
https://www.google.com/search?q=Selenium&ei=DuqsYqboOoCPseMPpd6usAM&start=10&sa=N&ved=2ahUKEwimp8uzr7X4AhWAR2wGHSWvCzYQ8NMDegQIAhBN
https://www.google.com/search?q=Selenium&tbm=isch&source=iu&ictx=1&vet=1&fir=eIFaPEc4dIcQAM%252CckyuUJWFlhPeiM%252C%252Fm%252F0c828v%253BPg1QF__qPRyt7M%252Ce8XM10HaHLzrdM%252C_%253BclNFnfNNFtbTVM%252CQNyJyu5MKBcOTM%252C_%253BYu7dtHIGUiSeeM%252CORgPBPdygcVBqM%252C_%253BJfonkRYKB7YS1M%252Cw9jkCAPPefZc6M%252C_&usg=AI4_-kQ8EKUo69cAB4msupDzr888k7Wiig&sa=X&ved=2ahUKEwimp8uzr7X4AhWAR2wGHSWvCzYQ_B16BAhGEAE#imgrc=eIFaPEc4dIcQAM
https://www.google.com/search?q=Selenium&tbm=isch&source=iu&ictx=1&vet=1&fir=eIFaPEc4dIcQAM%252CckyuUJWFlhPeiM%252C_%253BPg1QF__qPRyt7M%252Ce8XM10HaHLzrdM%252C_%253BclNFnfNNFtbTVM%252CQNyJyu5MKBcOTM%252C_%253BYu7dtHIGUiSeeM%252CORgPBPdygcVBqM%252C_%253BJfonkRYKB7YS1M%252Cw9jkCAPPefZc6M%252C_&usg=AI4_-kTfmTcD_i1bKYadvH14mmJzAZjrLA&sa=X&ved=2ahUKEwimp8uzr7X4AhWAR2wGHSWvCzYQ_h16BAhIEAE#imgrc=Pg1QF__qPRyt7M
https://www.google.com/search?q=Selenium&tbm=isch&source=iu&ictx=1&vet=1&fir=eIFaPEc4dIcQAM%252CckyuUJWFlhPeiM%252C_%253BPg1QF__qPRyt7M%252Ce8XM10HaHLzrdM%252C_%253BclNFnfNNFtbTVM%252CQNyJyu5MKBcOTM%252C_%253BYu7dtHIGUiSeeM%252CORgPBPdygcVBqM%252C_%253BJfonkRYKB7YS1M%252Cw9jkCAPPefZc6M%252C_&usg=AI4_-kTfmTcD_i1bKYadvH14mmJzAZjrLA&sa=X&ved=2ahUKEwimp8uzr7X4AhWAR2wGHSWvCzYQ_h16BAhJEAE#imgrc=clNFnfNNFtbTVM
https://www.google.com/search?q=Selenium&tbm=isch&source=iu&ictx=1&vet=1&fir=eIFaPEc4dIcQAM%252CckyuUJWFlhPeiM%252C_%253BPg1QF__qPRyt7M%252Ce8XM10HaHLzrdM%252C_%253BclNFnfNNFtbTVM%252CQNyJyu5MKBcOTM%252C_%253BYu7dtHIGUiSeeM%252CORgPBPdygcVBqM%252C_%253BJfonkRYKB7YS1M%252Cw9jkCAPPefZc6M%252C_&usg=AI4_-kTfmTcD_i1bKYadvH14mmJzAZjrLA&sa=X&ved=2ahUKEwimp8uzr7X4AhWAR2wGHSWvCzYQ_h16BAhLEAE#imgrc=Yu7dtHIGUiSeeM
https://www.google.com/search?q=Selenium&tbm=isch&source=iu&ictx=1&vet=1&fir=eIFaPEc4dIcQAM%252CckyuUJWFlhPeiM%252C_%253BPg1QF__qPRyt7M%252Ce8XM10HaHLzrdM%252C_%253BclNFnfNNFtbTVM%252CQNyJyu5MKBcOTM%252C_%253BYu7dtHIGUiSeeM%252CORgPBPdygcVBqM%252C_%253BJfonkRYKB7YS1M%252Cw9jkCAPPefZc6M%252C_&usg=AI4_-kTfmTcD_i1bKYadvH14mmJzAZjrLA&sa=X&ved=2ahUKEwimp8uzr7X4AhWAR2wGHSWvCzYQ_h16BAhHEAE#imgrc=JfonkRYKB7YS1M
https://www.google.com/search?source=univ&tbm=isch&q=Selenium&fir=eIFaPEc4dIcQAM%252CckyuUJWFlhPeiM%252C_%253BPg1QF__qPRyt7M%252Ce8XM10HaHLzrdM%252C_%253BclNFnfNNFtbTVM%252CQNyJyu5MKBcOTM%252C_%253BYu7dtHIGUiSeeM%252CORgPBPdygcVBqM%252C_%253BJfonkRYKB7YS1M%252Cw9jkCAPPefZc6M%252C_&usg=AI4_-kTfmTcD_i1bKYadvH14mmJzAZjrLA&sa=X&ved=2ahUKEwimp8uzr7X4AhWAR2wGHSWvCzYQiR56BAhFEAI
https://www.google.com/search?q=Selemium&source=hp&ei=AuqsYtzIEaKmwAObnZX4Cw&iflsig=AJiK0e8AAAAAYqz4EqJ_8rySkR9HGXGmAXg2Dug-SKNV&ved=0ahUKEwjc0cWtr7X4AhUiE3AKHZtOBb8Q4dUDCAg&uact=5&oq=Selemium&gs_lcp=Cgdnd3Mtd2l6EAMyDgguEI8BEOoCEIwDEOUCMg4IABCPARDqAhCMAxDlAjIOCAAQjwEQ6gIQjAMQ5QIyDggAEI8BEOoCEIwDEOUCMg4ILhCPARDqAhCMAxDlAjIOCAAQjwEQ6gIQjAMQ5QIyDggAEI8BEOoCEIwDEOUCMg4IABCPARDqAhCMAxDlAjIOCAAQjwEQ6gIQjAMQ5QIyDggAEI8BEOoCEIwDEOUCUKAEWL8FYM4FaAFwAHgAgAEAiAEAkgEAmAEAoAEBsAEK&sclient=gws-wiz#
https://www.google.com/search?q=Selemium&source=hp&ei=AuqsYtzIEaKmwAObnZX4Cw&iflsig=AJiK0e8AAAAAYqz4EqJ_8rySkR9HGXGmAXg2Dug-SKNV&ved=0ahUKEwjc0cWtr7X4AhUiE3AKHZtOBb8Q4dUDCAg&uact=5&oq=Selemium&gs_lcp=Cgdnd3Mtd2l6EAMyDgguEI8BEOoCEIwDEOUCMg4IABCPARDqAhCMAxDlAjIOCAAQjwEQ6gIQjAMQ5QIyDggAEI8BEOoCEIwDEOUCMg4ILhCPARDqAhCMAxDlAjIOCAAQjwEQ6gIQjAMQ5QIyDggAEI8BEOoCEIwDEOUCMg4IABCPARDqAhCMAxDlAjIOCAAQjwEQ6gIQjAMQ5QIyDggAEI8BEOoCEIwDEOUCUKAEWL8FYM4FaAFwAHgAgAEAiAEAkgEAmAEAoAEBsAEK&sclient=gws-wiz#
https://www.google.com/search?q=Selemium&source=hp&ei=AuqsYtzIEaKmwAObnZX4Cw&iflsig=AJiK0e8AAAAAYqz4EqJ_8rySkR9HGXGmAXg2Dug-SKNV&ved=0ahUKEwjc0cWtr7X4AhUiE3AKHZtOBb8Q4dUDCAg&uact=5&oq=Selemium&gs_lcp=Cgdnd3Mtd2l6EAMyDgguEI8BEOoCEIwDEOUCMg4IABCPARDqAhCMAxDlAjIOCAAQjwEQ6gIQjAMQ5QIyDggAEI8BEOoCEIwDEOUCMg4ILhCPARDqAhCMAxDlAjIOCAAQjwEQ6gIQjAMQ5QIyDggAEI8BEOoCEIwDEOUCMg4IABCPARDqAhCMAxDlAjIOCAAQjwEQ6gIQjAMQ5QIyDggAEI8BEOoCEIwDEOUCUKAEWL8FYM4FaAFwAHgAgAEAiAEAkgEAmAEAoAEBsAEK&sclient=gws-wiz#
null
null
null
null
https://en.wikipedia.org/wiki/Selenium_(software)
https://www.google.com/search?q=selenium+software+license&sa=X&ved=2ahUKEwimp8uzr7X4AhWAR2wGHSWvCzYQ6BMoAHoECFQQAg
https://www.google.com/search?q=Apache+License&stick=H4sIAAAAAAAAAONgVuLUz9U3MDTKjrdcxMrnWJCYnJGq4JOZnJpXnAoAzGCpBx4AAAA&sa=X&ved=2ahUKEwimp8uzr7X4AhWAR2wGHSWvCzYQmxMoAXoECFQQAw
https://www.google.com/search?q=selenium+software+stable+release&sa=X&ved=2ahUKEwimp8uzr7X4AhWAR2wGHSWvCzYQ6BMoAHoECFIQAg
https://www.google.com/search?q=Selenium+(software)&stick=H4sIAAAAAAAAAONgFuLUz9U3SLYwsihTQjC1BIMzU1LLEyuL_VIrSoJLUguKF7EKB6fmpOZlluYqaBTnp5WUJxalau5gZQQAwDMDu0QAAAA&sa=X&ved=2ahUKEwimp8uzr7X4AhWAR2wGHSWvCzYQMSgAegQIVRAB
https://www.google.com/search?q=Selenium+(software)&stick=H4sIAAAAAAAAAONgFuLUz9U3SLYwsihTQjC1BIMzU1LLEyuL_VIrSoJLUguKF7EKB6fmpOZlluYqaBTnp5WUJxalau5gZQQAwDMDu0QAAAA&sa=X&ved=2ahUKEwimp8uzr7X4AhWAR2wGHSWvCzYQzTooAXoECFUQAg
https://www.google.com/search?q=Cucumber+(software)&si=AC1wQDBgv4q3A2ojf086TvVgL6tTfKEZW2vrlR3V2uQ-r4wcbjP3mU9C21-7ixRq9DlrA5xOxKubWOAVGBOGBhXJRPuxEXZM2u6XY9yfXBymCbcTxbb7S8LpV5MThjwvp8xqVbvoRiNDkVB7wxgzns58R79JaKIvHRlyV3RaNEg0vVWf3VM6Os3MET7QPAoY5L55oajnIIPpdsbrKOsNNYx10wqibnIK6NNHlcYfOT1Y6v4ySIvCtzgC56TNaoZ8t_yDhDvfoinZ2dKWBCGncw2T24f0CTXM8_vtwV0URmU9HjytEh0m1d_7D4pT2ED0TBadr_30lvJr&sa=X&ved=2ahUKEwimp8uzr7X4AhWAR2wGHSWvCzYQxA16BAhVEAU
https://www.google.com/search?q=Appium&si=AC1wQDAXKblb4YtxZaDquKpQ5Js55CVph8NS1FIwBhgs6qyyHhNOePI3U2oQcTkktpQi-5vQPAtxJGQ6qOHuMuwEi2OVzbh1Fzunq8YR6xtudbhVjzLmHLgbZQ8t4KhtZlwdOnZLYY-Vc7G5CI8RzhVzMT15_PTx8KVpnB5nI-ts7fo4MEmUUJtid0xBoitU8PZHIvfOw0IfNCt9GClYCUxog_1w420HB9ULJdoHmTChqyjtKVZTk6gmsQKITSibuR5AUBbZ8hbJGR8HmQ6AbHDNU5vTEySTsrxNKrr6yhNurVsFWaF0h3I%3D&sa=X&ved=2ahUKEwimp8uzr7X4AhWAR2wGHSWvCzYQxA16BAhVEAc
https://www.google.com/search?q=TestNG&si=AC1wQDDagiMg03ncxeOQZbwVe-CJxRCchC-jr2hCPTxjc9wbgNqYVIcntHkCeIp0wk64OGlM0Fp7fN-If0hIB6BVLMkjwfYOTT90G7msTu8i0fQA13hvoelqE70Ug1UaQOpCwsInSfUo3NHUmiHF9u1EGsuBvCLRSJzY6CizHK7_U__9l3YC6sM3PAKIEfSime_QfPMSeKHtd5uqEIUEMGEmApL-v2aQ9HYNkPmYRqJ59RstZiEbLkj7T5xcCZlvEPL-dJcH1iIt2ZlFZsmgwX2BN9WsTU0961PtgvsYNoFVcr0tCI609Is%3D&sa=X&ved=2ahUKEwimp8uzr7X4AhWAR2wGHSWvCzYQxA16BAhVEAk
https://www.google.com/search?q=Apache+JMeter&si=AC1wQDDagiMg03ncxeOQZbwVe-CJxRCchC-jr2hCPTxjc9wbgNmh0NSDDjhuSIWUhfWMqdhRtcHcaaAJUO-EVuWbiXH3Ad2TEFWm0TZSDwegDGG37arjonNXLUWDiJAPTU9iXxOBWMJ6N-4iDRZi_3wA0dVWlkHf7VSEqwJbruHRkgG1TkDLH1n6z-rNP9HfvVZnvcfDTlcTfvPYA0F7Z6Xdwh7l3FQ9Pg8N7dV0FgDbTEZvd0FRAWo25_rL3A6JtWu1StvBIHNU23r-xibBQq9ocWaqnKWJOTfzyboWdCZCxf0hBuDPZwM%3D&sa=X&ved=2ahUKEwimp8uzr7X4AhWAR2wGHSWvCzYQxA16BAhVEAs
https://www.google.com/search?q=Selemium&source=hp&ei=AuqsYtzIEaKmwAObnZX4Cw&iflsig=AJiK0e8AAAAAYqz4EqJ_8rySkR9HGXGmAXg2Dug-SKNV&ved=0ahUKEwjc0cWtr7X4AhUiE3AKHZtOBb8Q4dUDCAg&uact=5&oq=Selemium&gs_lcp=Cgdnd3Mtd2l6EAMyDgguEI8BEOoCEIwDEOUCMg4IABCPARDqAhCMAxDlAjIOCAAQjwEQ6gIQjAMQ5QIyDggAEI8BEOoCEIwDEOUCMg4ILhCPARDqAhCMAxDlAjIOCAAQjwEQ6gIQjAMQ5QIyDggAEI8BEOoCEIwDEOUCMg4IABCPARDqAhCMAxDlAjIOCAAQjwEQ6gIQjAMQ5QIyDggAEI8BEOoCEIwDEOUCUKAEWL8FYM4FaAFwAHgAgAEAiAEAkgEAmAEAoAEBsAEK&sclient=gws-wiz#
https://www.google.com/search?q=Selemium&source=hp&ei=AuqsYtzIEaKmwAObnZX4Cw&iflsig=AJiK0e8AAAAAYqz4EqJ_8rySkR9HGXGmAXg2Dug-SKNV&ved=0ahUKEwjc0cWtr7X4AhUiE3AKHZtOBb8Q4dUDCAg&uact=5&oq=Selemium&gs_lcp=Cgdnd3Mtd2l6EAMyDgguEI8BEOoCEIwDEOUCMg4IABCPARDqAhCMAxDlAjIOCAAQjwEQ6gIQjAMQ5QIyDggAEI8BEOoCEIwDEOUCMg4ILhCPARDqAhCMAxDlAjIOCAAQjwEQ6gIQjAMQ5QIyDggAEI8BEOoCEIwDEOUCMg4IABCPARDqAhCMAxDlAjIOCAAQjwEQ6gIQjAMQ5QIyDggAEI8BEOoCEIwDEOUCUKAEWL8FYM4FaAFwAHgAgAEAiAEAkgEAmAEAoAEBsAEK&sclient=gws-wiz#
https://support.google.com/websearch/?p=ws_results_help&hl=en-IN&fg=1
https://www.google.com/search?q=Selemium&source=hp&ei=AuqsYtzIEaKmwAObnZX4Cw&iflsig=AJiK0e8AAAAAYqz4EqJ_8rySkR9HGXGmAXg2Dug-SKNV&ved=0ahUKEwjc0cWtr7X4AhUiE3AKHZtOBb8Q4dUDCAg&uact=5&oq=Selemium&gs_lcp=Cgdnd3Mtd2l6EAMyDgguEI8BEOoCEIwDEOUCMg4IABCPARDqAhCMAxDlAjIOCAAQjwEQ6gIQjAMQ5QIyDggAEI8BEOoCEIwDEOUCMg4ILhCPARDqAhCMAxDlAjIOCAAQjwEQ6gIQjAMQ5QIyDggAEI8BEOoCEIwDEOUCMg4IABCPARDqAhCMAxDlAjIOCAAQjwEQ6gIQjAMQ5QIyDggAEI8BEOoCEIwDEOUCUKAEWL8FYM4FaAFwAHgAgAEAiAEAkgEAmAEAoAEBsAEK&sclient=gws-wiz#
https://policies.google.com/privacy?hl=en-IN&fg=1
https://policies.google.com/terms?hl=en-IN&fg=1
]]></system-out>
    <system-err><![CDATA[Starting ChromeDriver 102.0.5005.61 (0e59bcc00cc4985ce39ad31c150065f159d95ad3-refs/branch-heads/5005@{#819}) on port 62452
Only local connections are allowed.
Please see https://chromedriver.chromium.org/security-considerations for suggestions on keeping ChromeDriver safe.
ChromeDriver was started successfully.
Jun 18, 2022 2:24:17 AM org.openqa.selenium.remote.ProtocolHandshake createSession
INFO: Detected upstream dialect: W3C
Jun 18, 2022 2:24:17 AM org.openqa.selenium.devtools.CdpVersionFinder findNearestMatch
INFO: Found exact CDP implementation for version 102
]]></system-err>
  </testcase>
  <testcase name="javaScriptExmplae" classname="com.pack1.TestCase3" time="54.858">
    <system-err><![CDATA[Starting ChromeDriver 102.0.5005.61 (0e59bcc00cc4985ce39ad31c150065f159d95ad3-refs/branch-heads/5005@{#819}) on port 51192
Only local connections are allowed.
Please see https://chromedriver.chromium.org/security-considerations for suggestions on keeping ChromeDriver safe.
ChromeDriver was started successfully.
Jun 18, 2022 2:25:00 AM org.openqa.selenium.remote.ProtocolHandshake createSession
INFO: Detected upstream dialect: W3C
Jun 18, 2022 2:25:00 AM org.openqa.selenium.devtools.CdpVersionFinder findNearestMatch
INFO: Found exact CDP implementation for version 102
Jun 18, 2022 2:25:50 AM org.openqa.selenium.remote.http.WebSocket$Listener onError
WARNING: Connection reset
java.net.SocketException: Connection reset
	at java.base/sun.nio.ch.SocketChannelImpl.throwConnectionReset(SocketChannelImpl.java:394)
	at java.base/sun.nio.ch.SocketChannelImpl.read(SocketChannelImpl.java:426)
	at io.netty.buffer.PooledByteBuf.setBytes(PooledByteBuf.java:258)
	at io.netty.buffer.AbstractByteBuf.writeBytes(AbstractByteBuf.java:1132)
	at io.netty.channel.socket.nio.NioSocketChannel.doReadBytes(NioSocketChannel.java:357)
	at io.netty.channel.nio.AbstractNioByteChannel$NioByteUnsafe.read(AbstractNioByteChannel.java:151)
	at io.netty.channel.nio.NioEventLoop.processSelectedKey(NioEventLoop.java:722)
	at io.netty.channel.nio.NioEventLoop.processSelectedKeysOptimized(NioEventLoop.java:658)
	at io.netty.channel.nio.NioEventLoop.processSelectedKeys(NioEventLoop.java:584)
	at io.netty.channel.nio.NioEventLoop.run(NioEventLoop.java:496)
	at io.netty.util.concurrent.SingleThreadEventExecutor$4.run(SingleThreadEventExecutor.java:995)
	at io.netty.util.internal.ThreadExecutorMap$2.run(ThreadExecutorMap.java:74)
	at io.netty.util.concurrent.FastThreadLocalRunnable.run(FastThreadLocalRunnable.java:30)
	at java.base/java.lang.Thread.run(Thread.java:833)

]]></system-err>
  </testcase>
</testsuite>