<?xml version="1.0" encoding="UTF-8"?>
<testng-results ignored="0" total="4" passed="4" failed="0" skipped="0">
  <reporter-output>
  </reporter-output>
  <suite started-at="2022-06-18T02:22:43 IST" name="Suite" finished-at="2022-06-18T02:25:50 IST" duration-ms="187159">
    <groups>
    </groups>
    <test started-at="2022-06-18T02:22:43 IST" name="Test" finished-at="2022-06-18T02:25:50 IST" duration-ms="187159">
      <class name="com.pack1.TestCase3">
        <test-method signature="javaScriptExmplae()[pri:0, instance:com.pack1.TestCase3@47af7f3d]" started-at="2022-06-18T02:24:55 IST" name="javaScriptExmplae" finished-at="2022-06-18T02:25:50 IST" duration-ms="54858" status="PASS">
          <reporter-output>
          </reporter-output>
        </test-method> <!-- javaScriptExmplae -->
      </class> <!-- com.pack1.TestCase3 -->
      <class name="com.pack1.TestCase1">
        <test-method signature="testmethod1()[pri:0, instance:com.pack1.TestCase1@74e52303]" started-at="2022-06-18T02:23:59 IST" name="testmethod1" finished-at="2022-06-18T02:24:55 IST" duration-ms="55869" status="PASS">
          <reporter-output>
          </reporter-output>
        </test-method> <!-- testmethod1 -->
      </class> <!-- com.pack1.TestCase1 -->
      <class name="com.pack1.TestCase2">
        <test-method is-config="true" signature="launchBrowser()[pri:0, instance:com.pack1.TestCase2@6dc17b83]" started-at="2022-06-18T02:22:43 IST" name="launchBrowser" finished-at="2022-06-18T02:23:46 IST" duration-ms="62629" status="PASS">
          <reporter-output>
          </reporter-output>
        </test-method> <!-- launchBrowser -->
        <test-method signature="verifyText()[pri:0, instance:com.pack1.TestCase2@6dc17b83]" started-at="2022-06-18T02:23:46 IST" name="verifyText" finished-at="2022-06-18T02:23:47 IST" duration-ms="1605" status="PASS">
          <reporter-output>
          </reporter-output>
        </test-method> <!-- verifyText -->
        <test-method signature="login()[pri:0, instance:com.pack1.TestCase2@6dc17b83]" started-at="2022-06-18T02:23:47 IST" name="login" finished-at="2022-06-18T02:23:57 IST" duration-ms="10030" status="PASS">
          <reporter-output>
          </reporter-output>
        </test-method> <!-- login -->
        <test-method is-config="true" signature="logout()[pri:0, instance:com.pack1.TestCase2@6dc17b83]" started-at="2022-06-18T02:23:57 IST" name="logout" finished-at="2022-06-18T02:23:59 IST" duration-ms="1907" status="PASS">
          <reporter-output>
          </reporter-output>
        </test-method> <!-- logout -->
      </class> <!-- com.pack1.TestCase2 -->
    </test> <!-- Test -->
  </suite> <!-- Suite -->
</testng-results>
