<?xml version="1.0" encoding="UTF-8"?>
<testng-results ignored="0" total="1" passed="1" failed="0" skipped="0">
  <reporter-output>
  </reporter-output>
  <suite started-at="2022-06-11T01:33:49 IST" name="Default suite" finished-at="2022-06-11T01:34:52 IST" duration-ms="62960">
    <groups>
    </groups>
    <test started-at="2022-06-11T01:33:49 IST" name="Default test" finished-at="2022-06-11T01:34:52 IST" duration-ms="62960">
      <class name="com.pack1.TestCase1">
        <test-method signature="testmethod1()[pri:0, instance:com.pack1.TestCase1@436813f3]" started-at="2022-06-11T01:33:49 IST" name="testmethod1" finished-at="2022-06-11T01:34:52 IST" duration-ms="62727" status="PASS">
          <reporter-output>
          </reporter-output>
        </test-method> <!-- testmethod1 -->
      </class> <!-- com.pack1.TestCase1 -->
    </test> <!-- Default test -->
  </suite> <!-- Default suite -->
</testng-results>
