<?xml version="1.0" encoding="UTF-8"?>
<testng-results ignored="0" total="1" passed="1" failed="0" skipped="0">
  <reporter-output>
  </reporter-output>
  <suite started-at="2022-06-18T02:44:02 IST" name="Default suite" finished-at="2022-06-18T02:44:54 IST" duration-ms="52216">
    <groups>
    </groups>
    <test started-at="2022-06-18T02:44:02 IST" name="Default test" finished-at="2022-06-18T02:44:54 IST" duration-ms="52216">
      <class name="com.pack1.TestCase1">
        <test-method signature="testmethod1()[pri:0, instance:com.pack1.TestCase1@158d2680]" started-at="2022-06-18T02:44:02 IST" name="testmethod1" finished-at="2022-06-18T02:44:54 IST" duration-ms="51945" status="PASS">
          <reporter-output>
          </reporter-output>
        </test-method> <!-- testmethod1 -->
      </class> <!-- com.pack1.TestCase1 -->
    </test> <!-- Default test -->
  </suite> <!-- Default suite -->
</testng-results>
